<?xml version="1.0" encoding="UTF-8"?>
<!-- Generated by org.testng.reporters.JUnitXMLReporter -->
<testsuite ignored="4" hostname="INLEN8520051454" failures="0" tests="0" time="0.001" errors="0" timestamp="2023-08-25T15:51:08 IST">
  <testcase classname="com.snap.testing.SecondTest" name="search" time="0.0">
    <ignored/>
  </testcase> <!-- search -->
  <testcase classname="com.snap.testing.SecondTest" name="addtocart" time="0.0">
    <ignored/>
  </testcase> <!-- addtocart -->
  <testcase classname="com.snap.testing.SecondTest" name="log" time="0.0">
    <ignored/>
  </testcase> <!-- log -->
  <testcase classname="com.snap.testing.SecondTest" name="checkout" time="0.0">
    <ignored/>
  </testcase> <!-- checkout -->
</testsuite>
